<?xml version="1.0" encoding="UTF-8"?>
<!-- Generated by org.testng.reporters.JUnitReportReporter -->
<testsuite skipped="1" hostname="BCATKAR022" name="runner.HomePageRunner" tests="1" failures="0" timestamp="13 Eyl 2020 15:03:08 GMT" time="0.000" errors="0">
  <testcase name="runScenario" time="0.000" classname="runner.HomePageRunner">
    <skipped/>
  </testcase> <!-- runScenario -->
</testsuite> <!-- runner.HomePageRunner -->
